[2025-07-07T15:18:11.158Z] [ERROR]: Please enter valid password
[2025-07-07T15:18:32.957Z] [ERROR]: Please enter valid password
[2025-07-07T16:12:42.643Z] [ERROR]: Failed to fetch notifications
[2025-07-07T16:14:02.861Z] [ERROR]: Failed to fetch notifications
[2025-07-07T16:14:02.868Z] [ERROR]: Config fetch failed
[2025-07-07T16:14:37.089Z] [ERROR]: Failed to fetch notifications
[2025-07-07T16:14:37.097Z] [ERROR]: Config fetch failed
[2025-07-07T16:14:37.098Z] [ERROR]: Failed to add config
[2025-07-07T16:15:31.576Z] [ERROR]: Failed to fetch notifications
[2025-07-07T16:15:31.587Z] [ERROR]: Config fetch failed
[2025-07-07T16:15:31.590Z] [ERROR]: Failed to add config
[2025-07-07T16:15:31.592Z] [ERROR]: Failed to add category
[2025-07-07T16:15:51.715Z] [ERROR]: Failed to fetch notifications
[2025-07-07T16:15:51.726Z] [ERROR]: Config fetch failed
[2025-07-07T16:15:51.728Z] [ERROR]: Failed to add config
[2025-07-07T16:15:51.729Z] [ERROR]: Failed to add category
[2025-07-07T16:15:51.731Z] [ERROR]: Failed to remove category
[2025-07-07T16:16:33.887Z] [ERROR]: Failed to fetch notifications
[2025-07-07T16:16:33.905Z] [ERROR]: Config fetch failed
[2025-07-07T16:16:33.908Z] [ERROR]: Failed to add config
[2025-07-07T16:16:33.911Z] [ERROR]: Failed to add category
[2025-07-07T16:16:33.914Z] [ERROR]: Failed to remove category
[2025-07-07T16:16:33.917Z] [ERROR]: Failed to add keyword
[2025-07-07T16:16:54.607Z] [ERROR]: Failed to fetch notifications
[2025-07-07T16:16:54.619Z] [ERROR]: Config fetch failed
[2025-07-07T16:16:54.622Z] [ERROR]: Failed to add config
[2025-07-07T16:16:54.624Z] [ERROR]: Failed to add category
[2025-07-07T16:16:54.627Z] [ERROR]: Failed to remove category
[2025-07-07T16:16:54.629Z] [ERROR]: Failed to add keyword
[2025-07-07T16:16:54.631Z] [ERROR]: Failed to remove keyword
[2025-07-07T16:25:16.900Z] [ERROR]: Failed to fetch notifications
[2025-07-07T16:25:16.916Z] [ERROR]: Config fetch failed
[2025-07-07T16:25:16.920Z] [ERROR]: Failed to add config
[2025-07-07T16:25:16.925Z] [ERROR]: Failed to add category
[2025-07-07T16:25:16.929Z] [ERROR]: Failed to remove category
[2025-07-07T16:25:16.933Z] [ERROR]: Failed to add keyword
[2025-07-07T16:25:16.936Z] [ERROR]: Failed to remove keyword
[2025-07-07T16:27:42.332Z] [ERROR]: Failed to fetch notifications
[2025-07-07T16:27:42.347Z] [ERROR]: Config fetch failed
[2025-07-07T16:27:42.350Z] [ERROR]: Failed to add config
[2025-07-07T16:27:42.353Z] [ERROR]: Failed to add category
[2025-07-07T16:27:42.355Z] [ERROR]: Failed to remove category
[2025-07-07T16:27:42.356Z] [ERROR]: Failed to add keyword
[2025-07-07T16:27:42.358Z] [ERROR]: Failed to remove keyword
[2025-07-07T16:28:40.599Z] [ERROR]: Failed to fetch notifications
[2025-07-07T16:28:40.609Z] [ERROR]: Config fetch failed
[2025-07-07T16:28:40.612Z] [ERROR]: Failed to add config
[2025-07-07T16:28:40.615Z] [ERROR]: Failed to add category
[2025-07-07T16:28:40.617Z] [ERROR]: Failed to remove category
[2025-07-07T16:28:40.621Z] [ERROR]: Failed to add keyword
[2025-07-07T16:28:40.623Z] [ERROR]: Failed to remove keyword
[2025-07-07T16:30:22.729Z] [ERROR]: Failed to fetch notifications
[2025-07-07T16:30:22.739Z] [ERROR]: Config fetch failed
[2025-07-07T16:30:22.743Z] [ERROR]: Failed to add config
[2025-07-07T16:30:22.746Z] [ERROR]: Failed to add category
[2025-07-07T16:30:22.748Z] [ERROR]: Failed to remove category
[2025-07-07T16:30:22.750Z] [ERROR]: Failed to add keyword
[2025-07-07T16:30:22.752Z] [ERROR]: Failed to remove keyword
[2025-07-07T16:30:35.267Z] [ERROR]: Failed to fetch notifications
[2025-07-07T16:30:35.278Z] [ERROR]: Config fetch failed
[2025-07-07T16:30:35.280Z] [ERROR]: Failed to add config
[2025-07-07T16:30:35.281Z] [ERROR]: Failed to add category
[2025-07-07T16:30:35.283Z] [ERROR]: Failed to remove category
[2025-07-07T16:30:35.284Z] [ERROR]: Failed to add keyword
[2025-07-07T16:30:35.286Z] [ERROR]: Failed to remove keyword
[2025-07-07T16:30:53.110Z] [ERROR]: Failed to fetch notifications
[2025-07-07T16:30:53.125Z] [ERROR]: Config fetch failed
[2025-07-07T16:30:53.127Z] [ERROR]: Failed to add config
[2025-07-07T16:30:53.130Z] [ERROR]: Failed to add category
[2025-07-07T16:30:53.132Z] [ERROR]: Failed to remove category
[2025-07-07T16:30:53.134Z] [ERROR]: Failed to add keyword
[2025-07-07T16:30:53.136Z] [ERROR]: Failed to remove keyword
[2025-07-07T16:31:14.733Z] [ERROR]: Failed to fetch notifications
[2025-07-07T16:31:14.755Z] [ERROR]: Config fetch failed
[2025-07-07T16:31:14.757Z] [ERROR]: Failed to add config
[2025-07-07T16:31:14.760Z] [ERROR]: Failed to add category
[2025-07-07T16:31:14.763Z] [ERROR]: Failed to remove category
[2025-07-07T16:31:14.765Z] [ERROR]: Failed to add keyword
[2025-07-07T16:31:14.767Z] [ERROR]: Failed to remove keyword
[2025-07-07T16:39:19.582Z] [ERROR]: Failed to fetch notifications
[2025-07-07T16:39:19.596Z] [ERROR]: Config fetch failed
[2025-07-07T16:39:19.599Z] [ERROR]: Failed to add config
[2025-07-07T16:39:19.602Z] [ERROR]: Failed to add category
[2025-07-07T16:39:19.604Z] [ERROR]: Failed to remove category
[2025-07-07T16:39:19.606Z] [ERROR]: Failed to add keyword
[2025-07-07T16:39:19.608Z] [ERROR]: Failed to remove keyword
[2025-07-07T16:42:26.894Z] [ERROR]: Failed to fetch notifications
[2025-07-07T16:42:26.904Z] [ERROR]: Config fetch failed
[2025-07-07T16:42:26.905Z] [ERROR]: Failed to add config
[2025-07-07T16:42:26.907Z] [ERROR]: Failed to add category
[2025-07-07T16:42:26.908Z] [ERROR]: Failed to remove category
[2025-07-07T16:42:26.910Z] [ERROR]: Failed to add keyword
[2025-07-07T16:42:26.911Z] [ERROR]: Failed to remove keyword
[2025-07-07T16:42:28.394Z] [ERROR]: Signup failed
[2025-07-07T16:46:05.040Z] [ERROR]: Failed to fetch notifications
[2025-07-07T16:46:05.050Z] [ERROR]: Config fetch failed
[2025-07-07T16:46:05.053Z] [ERROR]: Failed to add config
[2025-07-07T16:46:05.055Z] [ERROR]: Failed to add category
[2025-07-07T16:46:05.057Z] [ERROR]: Failed to remove category
[2025-07-07T16:46:05.059Z] [ERROR]: Failed to add keyword
[2025-07-07T16:46:05.061Z] [ERROR]: Failed to remove keyword
[2025-07-07T16:47:37.459Z] [ERROR]: Failed to fetch notifications
[2025-07-07T16:47:37.474Z] [ERROR]: Config fetch failed
[2025-07-07T16:47:37.477Z] [ERROR]: Failed to add config
[2025-07-07T16:47:37.479Z] [ERROR]: Failed to add category
[2025-07-07T16:47:37.482Z] [ERROR]: Failed to remove category
[2025-07-07T16:47:37.485Z] [ERROR]: Failed to add keyword
[2025-07-07T16:47:37.487Z] [ERROR]: Failed to remove keyword
[2025-07-07T17:09:07.246Z] [ERROR]: Failed to fetch notifications
[2025-07-07T17:09:07.261Z] [ERROR]: Config fetch failed
[2025-07-07T17:09:07.263Z] [ERROR]: Failed to add config
[2025-07-07T17:09:07.265Z] [ERROR]: Failed to add category
[2025-07-07T17:09:07.267Z] [ERROR]: Failed to remove category
[2025-07-07T17:09:07.269Z] [ERROR]: Failed to add keyword
[2025-07-07T17:09:07.270Z] [ERROR]: Failed to remove keyword
[2025-07-07T17:35:19.411Z] [ERROR]: Signup failed
[2025-07-07T17:35:19.422Z] [ERROR]: Invalid credentials
[2025-07-07T17:35:19.424Z] [ERROR]: Password update failed
[2025-07-07T17:35:19.637Z] [ERROR]: Something went wrong
[2025-07-07T17:35:19.646Z] [ERROR]: Failed to fetch reports
[2025-07-07T17:35:19.648Z] [ERROR]: Failed to update article status
[2025-07-07T17:35:19.649Z] [ERROR]: Failed to fetch categories
[2025-07-07T17:35:19.651Z] [ERROR]: Unable to add category
[2025-07-07T17:35:19.652Z] [ERROR]: Failed to update category
[2025-07-07T17:36:01.175Z] [ERROR]: Something went wrong
[2025-07-07T17:36:01.193Z] [ERROR]: Failed to fetch reports
[2025-07-07T17:36:01.196Z] [ERROR]: Failed to update article status
[2025-07-07T17:36:01.199Z] [ERROR]: Failed to fetch categories
[2025-07-07T17:36:01.202Z] [ERROR]: Unable to add category
[2025-07-07T17:36:01.204Z] [ERROR]: Failed to update category
[2025-07-07T17:36:01.479Z] [ERROR]: Signup failed
[2025-07-07T17:36:01.493Z] [ERROR]: Invalid credentials
[2025-07-07T17:36:01.496Z] [ERROR]: Password update failed
[2025-07-07T17:36:03.053Z] [ERROR]: Database error
[2025-07-07T17:36:03.065Z] [ERROR]: Insert failed
[2025-07-07T17:36:03.068Z] [ERROR]: Update failed
[2025-07-07T17:36:03.282Z] [ERROR]: Fetch failed
[2025-07-07T17:36:03.295Z] [ERROR]: Failed to fetch
[2025-07-07T17:36:03.298Z] [ERROR]: Service failed
[2025-07-07T17:36:03.300Z] [ERROR]: Save failed
[2025-07-07T17:36:03.306Z] [ERROR]: Deletion failed
[2025-07-07T17:36:03.307Z] [ERROR]: Like failed
[2025-07-07T17:36:03.309Z] [ERROR]: Dislike failed
[2025-07-07T17:36:03.311Z] [ERROR]: Reporting failed
[2025-07-07T17:36:03.483Z] [ERROR]: Failed to fetch notifications
[2025-07-07T17:36:03.492Z] [ERROR]: Config fetch failed
[2025-07-07T17:36:03.494Z] [ERROR]: Failed to add config
[2025-07-07T17:36:03.496Z] [ERROR]: Failed to add category
[2025-07-07T17:36:03.498Z] [ERROR]: Failed to remove category
[2025-07-07T17:36:03.500Z] [ERROR]: Failed to add keyword
[2025-07-07T17:36:03.502Z] [ERROR]: Failed to remove keyword
